POST /api/user/login ::1
GET /api/job/ ::1
GET /api/job/ ::1
GET /api/job/ ::1
GET /api/job/ ::1
GET /api/job/67c945ef4bc1d745cd8145da ::1
GET /api/job/67c945ef4bc1d745cd8145da ::1
GET /api/job/ ::1
GET /api/job/ ::1
GET /api/job/ ::1
GET /api/job/ ::1
GET /api/job/ ::1
GET /api/job/ ::1
GET /api/job/ ::1
GET /api/job/ ::1
GET /api/job/ ::1
GET /api/job/ ::1
GET /api/job/ ::1
GET /api/job/ ::1
GET /api/job/ ::1
GET /api/job/ ::1
GET /api/job/ ::1
GET /api/job/ ::1
GET /api/job/ ::1
GET /api/job/ ::1
GET /api/job/ ::1
GET /api/job/ ::1
GET /api/job/ ::1
GET /api/job/ ::1
GET /api/job/ ::1
GET /api/job/ ::1
GET /api/job/ ::1
GET /api/job/ ::1
GET /api/job/ ::1
GET /api/job/ ::1
GET /api/job/ ::1
GET /api/job/ ::1
GET /api/job/ ::1
GET /api/job/ ::1
GET /api/job/ ::1
GET /api/job?name=&skills=Node.js,MongoDB ::1
GET /api/job/ ::1
GET /api/job/ ::1
GET /api/job?name=&skills=Node.js ::1
GET /api/job/ ::1
GET /api/job/ ::1
GET /api/job?name=&skills=Node.js,MongoDB ::1
GET /api/job?name=&skills=Node.js ::1
GET /api/job?name=&skills=Node.js ::1
GET /api/job?name=&skills=React ::1
GET /api/job?name=&skills=React ::1
GET /api/job?name=&skills=MongoDB ::1
GET /api/job?name=&skills=JavaScript ::1
GET /api/job/ ::1
GET /api/job/ ::1
GET /api/job?name=&skills=MongoDB ::1
GET /api/job?name=&skills= ::1
GET /api/job?name=&skills=MongoDB ::1
GET /api/job/ ::1
GET /api/job?name=&skills=MongoDB ::1
GET /api/job/ ::1
GET /api/job/ ::1
GET /api/job?name=&skills=React ::1
GET /api/job/ ::1
GET /api/job/ ::1
GET /api/job?name=Java%20Developer&skills= ::1
GET /api/job/ ::1
GET /api/job/ ::1
GET /api/job/ ::1
GET /api/job/ ::1
GET /api/job?name=&skills=react.js ::1
GET /api/job?name=&skills=MongoDB ::1
GET /api/job/ ::1
GET /api/job/ ::1
GET /api/job?name=&skills=mongoDB ::1
GET /api/job/ ::1
GET /api/job/ ::1
GET /api/job/ ::1
GET /api/job/ ::1
GET /api/job?name=&skills=Node.js,MongoDB ::1
GET /api/job?name=&skills=MongoDB ::1
GET /api/job?name=&skills=MongoDB ::1
GET /api/job/ ::1
GET /api/job/ ::1
GET /api/job?name=&skills=React ::1
GET /api/job?name=&skills=react.js ::1
GET /api/job/ ::1
GET /api/job/ ::1
GET /api/job/ ::1
GET /api/job/ ::1
GET /api/job/ ::1
GET /api/job/ ::1
GET /api/job/ ::1
GET /api/job/ ::1
GET /api/job/ ::1
GET /api/job/ ::1
GET /api/job?name=&skills=mongoDB ::1
GET /api/job?name=&skills=mongoDB,react.js ::1
GET /api/job/ ::1
GET /api/job/ ::1
GET /api/job/ ::1
GET /api/job/ ::1
GET /api/job/ ::1
GET /api/job/ ::1
GET /api/job/ ::1
GET /api/job/ ::1
GET /api/job/ ::1
GET /api/job/ ::1
GET /api/job/ ::1
GET /api/job/ ::1
GET /api/job/ ::1
GET /api/job/ ::1
GET /api/job/ ::1
GET /api/job/ ::1
GET /api/job/ ::1
GET /api/job/ ::1
GET /api/job/ ::1
GET /api/job/ ::1
GET /api/job/ ::1
GET /api/job/ ::1
GET /api/job/ ::1
GET /api/job/ ::1
GET /api/job/ ::1
GET /api/job/ ::1
GET /api/job/ ::1
GET /api/job/ ::1
GET /api/job/ ::1
GET /api/job/ ::1
POST /api/user/login ::1
GET /api/job/ ::1
GET /api/job/ ::1
GET /api/job?name=&skills=Node.js ::1
GET /api/job?name=&skills=Node.js ::1
GET /api/job?name=&skills=mongoDB ::1
GET /api/job/ ::1
GET /api/job/ ::1
GET /api/job/ ::1
GET /api/job/ ::1
GET /api/job/ ::1
GET /api/job/ ::1
GET /api/job/ ::1
GET /api/job/ ::1
GET /api/job/ ::1
GET /api/job/ ::1
GET /api/job/ ::1
GET /api/job/ ::1
GET /api/job/ ::1
GET /api/job/ ::1
GET /api/job/ ::ffff:127.0.0.1
GET /api/job/ ::1
GET /api/job/ ::1
GET /api/job/ ::1
GET /api/job?name=&skills=mongoDB ::1
GET /api/job?name=&skills=mongoDB ::1
GET /api/job?name=&skills=react.js ::1
GET /api/job/ ::1
GET /api/job/ ::1
GET /api/job/ ::1
GET /api/job/ ::1
GET /api/job?name=&skills=react.js ::1
GET /api/job?name=&skills=react.js ::1
GET /api/job/ ::1
GET /api/job/ ::1
GET /api/job?name=&skills=JavaScript ::1
GET /api/job?name=&skills=JavaScript ::1
GET /api/job?name=&skills=JavaScript ::1
GET /api/job/ ::1
GET /api/job/ ::1
GET /api/job?name=&skills=mongoDB ::1
GET /api/job?name=&skills=MongoDB ::1
GET /api/job/ ::1
GET /api/job/ ::1
POST /api/user/login ::1
GET /api/job/ ::1
GET /api/job/ ::1
POST /api/user/login ::1
GET /api/job/ ::1
GET /api/job/ ::1
GET /api/job/ ::1
GET /api/job/ ::1
POST /api/user/login ::1
GET /api/job/ ::1
GET /api/job/ ::1
POST /api/user/login ::1
GET /api/job/ ::1
GET /api/job/ ::1
GET /api/job/ ::1
GET /api/job/ ::1
GET /api/job/ ::1
GET /api/job/ ::1
POST /api/user/register ::1
POST /api/user/login ::1
GET /api/job/ ::1
GET /api/job/ ::1
POST /api/user/register ::1
POST /api/user/register ::1
POST /api/user/register ::1
POST /api/user/register ::1
POST /api/user/register ::1
POST /api/user/register ::1
POST /api/user/login ::1
GET /api/job/ ::1
GET /api/job/ ::1
POST /api/job/67c8095410357b917426fccd ::1
POST /api/job/67d01ec5395d01cb7f28a36b ::1
POST /api/job/addjob ::1
POST /api/job/addjob ::1
POST /api/job/addjob ::1
POST /api/job/addjob ::1
GET /api/job/ ::1
GET /api/job/ ::1
GET /api/job/67d01fbc395d01cb7f28a370 ::1
GET /api/job/67d01fbc395d01cb7f28a370 ::1
GET /api/job/ ::1
GET /api/job/ ::1
GET /api/job/ ::1
GET /api/job/ ::1
GET /api/job/ ::1
GET /api/job/ ::1
POST /api/job/addjob ::1
GET /api/job/ ::1
GET /api/job/ ::1
GET /api/job/ ::1
GET /api/job/ ::1
GET /api/job/67d01fbc395d01cb7f28a370 ::1
GET /api/job/67d01fbc395d01cb7f28a370 ::1
PUT /api/job/update/67d01fbc395d01cb7f28a370 ::1
PUT /api/job/update/67d01fbc395d01cb7f28a370 ::1
GET /api/job/67d01fbc395d01cb7f28a370 ::1
GET /api/job/67d01fbc395d01cb7f28a370 ::1
GET /api/job/ ::1
GET /api/job/ ::1
GET /api/job/ ::1
GET /api/job/ ::1
POST /api/job/67d01ec5395d01cb7f28a36b ::1
POST /api/addjob/67d01ec5395d01cb7f28a36b ::1
POST /api/job/addjob/67d01ec5395d01cb7f28a36b ::1
GET /api/job/ ::1
POST /api/job/addjob/67d01ec5395d01cb7f28a36b ::1
POST /api/job/addjob/67d01ec5395d01cb7f28a36b ::1
POST /api/job/addjob/67d01ec5395d01cb7f28a36b ::1
GET /api/job/67d01fbc395d01cb7f28a370 ::1
GET /api/job/67d01fbc395d01cb7f28a370 ::1
PUT /api/job/update/67d01fbc395d01cb7f28a370 ::1
GET /api/job/67d01fbc395d01cb7f28a370 ::1
GET /api/job/67d01fbc395d01cb7f28a370 ::1
GET /api/job/ ::1
GET /api/job/ ::1
GET /api/job/ ::1
GET /api/job/ ::1
GET /api/job/ ::1
GET /api/job/ ::1
POST /api/user/login ::1
GET /api/job/ ::1
GET /api/job/ ::1
POST /api/job/addjob ::1
GET /api/job/ ::1
GET /api/job/ ::1
GET /api/job/ ::1
GET /api/job/ ::1
POST /api/job/addjob ::1
GET /api/job/ ::1
GET /api/job/ ::1
GET /api/job?name=&skills=Node.js ::1
GET /api/job/ ::1
GET /api/job/ ::1
GET /api/job/ ::1
GET /api/job/ ::1
GET /api/job/ ::1
GET /api/job/ ::1
GET /api/job/ ::1
GET /api/job/ ::1
POST /api/user/login ::1
GET /api/job/ ::1
GET /api/job/ ::1
GET /api/job/ ::1
GET /api/job/ ::1
GET /api/job/67d02405395d01cb7f28a3a2 ::1
GET /api/job/67d02405395d01cb7f28a3a2 ::1
GET /api/job/ ::1
GET /api/job/ ::1
GET /api/job/67d02405395d01cb7f28a3a2 ::1
GET /api/job/67d02405395d01cb7f28a3a2 ::1
GET /api/job/67d02405395d01cb7f28a3a2 ::1
GET /api/job/67d02405395d01cb7f28a3a2 ::1
GET /api/job/67d02405395d01cb7f28a3a2 ::1
GET /api/job/67d02405395d01cb7f28a3a2 ::1
DELETE /api/job/67d02405395d01cb7f28a3a2 ::1
GET /api/job/ ::1
GET /api/job/ ::1
GET /api/job/ ::1
GET /api/job/ ::1
GET /api/job/67d02405395d01cb7f28a3a2 ::1
GET /api/job/67d02405395d01cb7f28a3a2 ::1
DELETE /api/job/67d02405395d01cb7f28a3a2 ::1
GET /api/job/ ::1
GET /api/job/ ::1
GET /api/job/67d02405395d01cb7f28a3a2 ::1
GET /api/job/67d02405395d01cb7f28a3a2 ::1
DELETE /api/job/67d02405395d01cb7f28a3a2 ::1
POST /api/user/login ::1
GET /api/job/ ::1
GET /api/job/ ::1
GET /api/job/67d02405395d01cb7f28a3a2 ::1
GET /api/job/67d02405395d01cb7f28a3a2 ::1
DELETE /api/job/67d02405395d01cb7f28a3a2 ::1
