GET /api/job/ ::1
GET /api/job/ ::1
GET /api/job/ ::1
GET /api/job/ ::1
GET /api/job/67c8720f264baef4d60c3482 ::1
GET /api/job/67c8720f264baef4d60c3482 ::1
GET /api/job/67c8720f264baef4d60c3482 ::1
GET /api/job/67c8720f264baef4d60c3482 ::1
GET /api/job/ ::1
GET /api/job/ ::1
GET /api/job/67c945ef4bc1d745cd8145da ::1
GET /api/job/67c945ef4bc1d745cd8145da ::1
POST /api/job/update/:undefined ::1
POST /api/job/update/undefined ::1
GET /api/job/67c945ef4bc1d745cd8145da ::1
GET /api/job/67c945ef4bc1d745cd8145da ::1
POST /api/job/update/undefined ::1
POST /api/job/update/67c945ef4bc1d745cd8145da ::1
GET /api/job/67c945ef4bc1d745cd8145da ::1
GET /api/job/67c945ef4bc1d745cd8145da ::1
POST /api/job/update/67c945ef4bc1d745cd8145da ::1
PUT /api/job/update/67c945ef4bc1d745cd8145da ::1
POST /api/user/login ::1
GET /api/job/ ::1
GET /api/job/ ::1
GET /api/job/67c8720f264baef4d60c3482 ::1
GET /api/job/67c8720f264baef4d60c3482 ::1
PUT /api/job/update/67c8720f264baef4d60c3482 ::1
GET /api/job/67c8720f264baef4d60c3482 ::1
GET /api/job/67c8720f264baef4d60c3482 ::1
GET /api/job/ ::1
GET /api/job/ ::1
GET /api/job/ ::1
GET /api/job/ ::1
POST /api/user/login ::1
POST /api/user/login ::1
POST /api/user/login ::1
GET /api/job/ ::1
GET /api/job/ ::1
GET /api/job/ ::1
GET /api/job/ ::1
GET /api/job/ ::1
GET /api/job/ ::1
GET /api/job/ ::1
GET /api/job/ ::1
GET /api/job/ ::1
GET /api/job/ ::1
GET /api/job/ ::1
GET /api/job/ ::1
GET /api/job/ ::1
GET /api/job/ ::1
POST /api/user/login ::1
POST /api/user/login ::1
GET /api/job/ ::1
GET /api/job/ ::1
POST /api/user/login ::1
GET /api/job/ ::1
GET /api/job/ ::1
GET /api/job/ ::1
GET /api/job/ ::1
GET /api/job/ ::1
GET /api/job/ ::1
GET /api/job/ ::1
GET /api/job/ ::1
GET /api/job/ ::1
POST /api/user/login ::1
GET /api/job/ ::1
GET /api/job/ ::1
GET /api/job/ ::1
GET /api/job/ ::1
GET /api/job/ ::1
GET /api/job/ ::1
