GET /api/user/ ::1
GET /api/user/ ::1
GET /api/job ::1
GET /api/job ::1
GET /api/job ::1
GET /api/job/ ::1
GET /api/user/register ::1
POST /api/user/register ::1
POST /api/user/login ::1
POST /api/user/login ::1
POST /api/user/login ::1
POST /api/user/login ::1
GET /api/user/home ::1
GET /api/user/home ::1
GET /api/user/home ::1
GET /api/user/ ::1
GET /api/user/ ::1
GET /api/user/ ::1
GET /api/user/ ::1
GET /api/job/ ::1
GET /api/user/ ::1
GET /api/user/ ::1
GET /api/user/ ::1
POST /api/user/login ::1
GET /api/user/ ::1
GET /api/user/ ::1
GET /api/user/ ::1
GET /api/user/ ::1
GET /api/user/ ::1
POST /api/user/login ::1
GET /api/user/ ::1
POST /api/user/login ::1
POST /api/user/login ::1
GET /api/user/ ::1
POST /api/user/login ::1
POST /api/user/ ::1
GET /api/user/ ::1
GET /api/user/ ::1
POST /api/user/login ::1
GET /api/user/login ::1
GET /api/user/ ::1
GET /api/user/ ::1
GET /api/user/ ::1
GET /api/user/ ::1
POST /api/user/login ::1
GET /api/user/ ::1
POST /api/user/login ::1
GET /api/user/ ::1
GET /api/user/ ::1
GET /api/user/ ::1
POST /api/user/login ::1
POST /api/user/login ::1
GET /api/user/ ::1
POST /api/user/ ::1
POST /api/user/login ::1
GET /api/user/ ::1
GET /api/user/ ::1
POST /api/user/login ::1
POST /api/user/login ::1
POST /api/user/login ::1
POST /api/user/login ::1
POST /api/user/login ::1
POST /api/user/login ::1
GET /api/user/ ::1
POST /api/user/ ::1
POST /api/user/login ::1
GET /api/user/ ::1
POST /api/user/login ::1
GET /api/user/ ::1
GET /api/user/ ::1
GET /api/user/ ::1
GET /api/user/ ::1
GET /api/user/ ::1
GET /api/user/ ::1
GET /api/user/ ::1
GET /api/user/ ::1
POST /api/user/login ::1
GET /api/user/ ::1
POST /api/user/login ::1
GET /api/user/ ::1
GET /api/user/ ::1
GET /api/user/ ::1
GET /api/user/ ::1
GET /api/user/ ::1
GET /api/user/ ::1
POST /api/user/ ::1
POST /api/user/login ::1
POST /api/user/login ::1
POST /api/user/login ::1
POST /api/user/login ::1
POST /api/user/login ::1
POST /api/user/login ::1
POST /api/user/login ::1
GET /api/user/ ::1
GET /api/user/ ::1
POST /api/user/login ::1
GET /api/user/ ::1
GET /api/user/ ::1
GET /api/user/ ::1
GET /api/user/ ::1
GET /api/job/ ::1
POST /api/job/addjob ::1
GET /api/job/ ::1
GET /api/job/addjob ::1
POST /api/job/addjob ::1
POST /api/job/addjob ::1
POST /api/job/addjob ::1
POST /api/job/ ::1
GET /api/job/ ::1
GET /api/job/addjob ::1
POST /api/job/addjob ::1
GET /api/job/ ::1
POST /api/job/addjob ::1
POST /api/job/addjob ::1
DELETE /api/job/addjob?67c8011c3765f90aeb9d582b ::1
DELETE /api/job/addjob?67c8011c3765f90aeb9d582b ::1
DELETE /api/job/addjob/67c8011c3765f90aeb9d582b ::1
DELETE /api/job/addjob/67c8011c3765f90aeb9d582b ::1
DELETE /api/job/addjob/remove/67c8011c3765f90aeb9d582b ::1
DELETE /api/job/addjob/67c8011c3765f90aeb9d582b ::1
DELETE /api/job/67c8011c3765f90aeb9d582b ::1
DELETE /api/job/67c8011c3765f90aeb9d582b ::1
DELETE /api/job/67c8011c3765f90aeb9d582b ::1
DELETE /api/job/67c8011c3765f90aeb9d582b ::1
DELETE /api/job/67c8011c3765f90aeb9d582b ::1
DELETE /api/job/67c8011c3765f90aeb9d582b ::1
DELETE /api/job/67c8011c3765f90aeb9d582b ::1
DELETE /api/job/67c8011c3765f90aeb9d582b ::1
DELETE /api/job/67c8011c3765f90aeb9d582b ::1
DELETE /api/job/67c8011c3765f90aeb9d582b ::1
DELETE /api/job/67c8011c3765f90aeb9d582b ::1
DELETE /api/job/67c8011c3765f90aeb9d582b ::1
DELETE /api/job/67c8011c3765f90aeb9d582b ::1
DELETE /api/job/67c8011c3765f90aeb9d582b ::1
DELETE /api/job/67c8011c3765f90aeb9d582b ::1
DELETE /api/job/67c8011c3765f90aeb9d582b ::1
DELETE /api/job/67c8011c3765f90aeb9d582b ::1
DELETE /api/job/67c8011c3765f90aeb9d582b ::1
DELETE /api/job/67c8011c3765f90aeb9d582b ::1
DELETE /api/job/67c8011c3765f90aeb9d582b ::1
DELETE /api/job/67c8011c3765f90aeb9d582b ::1
DELETE /api/job/67c8011c3765f90aeb9d582b ::1
DELETE /api/job/67c8011c3765f90aeb9d582b ::1
DELETE /api/job/67c8011c3765f90aeb9d582b ::1
DELETE /api/job/67c8011c3765f90aeb9d582b ::1
POST /api/job/addjob ::1
DELETE /api/job/67c8095410357b917426fccd ::1
DELETE /api/job/67c8095410357b917426fccd ::1
DELETE /api/job/67c8095410357b917426fccd ::1
DELETE /api/job/67c8095410357b917426fccd ::1
POST /api/job/addjob ::1
GET /api/user/login ::1
POST /api/user/login ::1
POST /api/job/addjob ::1
PUT /api/job/addjob ::1
PUT /api/job/update ::1
PUT /api/job/update ::1
PUT /api/job/update ::1
PUT /api/job/update ::1
PUT /api/job/update ::1
PUT /api/job/update/67c83706ab396203c1c75046 ::1
PUT /api/job/update/67c83706ab396203c1c75046 ::1
PUT /api/job/update/67c83706ab396203c1c75046 ::1
PUT /api/job/update/67c83706ab396203c1c75046 ::1
PUT /api/job/update/67c83706ab396203c1c75046 ::1
PUT /api/job/update/67c83706ab396203c1c75046 ::1
GET /api/job?name=Software%20Engineer&skills=react ::1
GET /api/job?name=Software%20Engineer&skills=react ::1
GET /api/job?name=Software%20Engineer&skills=react ::1
GET /api/job?name=ranjit&skills=coding ::1
GET /api/job?name=ranjit&skills=coding ::1
GET /api/job?name=ranjit&skills=coding ::1
GET /api/job?name=ranjit&skills=react ::1
GET /api/job?name=&skills=react ::1
POST /api/job/addjob ::1
POST /api/user/login ::1
POST /api/job/addjob ::1
