GET /api/job/ ::1
GET /api/job/ ::1
GET /api/job/ ::1
GET /api/job/ ::1
GET /api/job/ ::1
GET /api/job/ ::1
GET /api/job/ ::1
GET /api/job/ ::1
GET /api/job/ ::1
GET /api/job/ ::1
GET /api/job/ ::1
GET /api/job/ ::1
GET /api/job/ ::1
GET /api/job/ ::1
GET /api/job/ ::1
GET /api/job/ ::1
GET /api/job/ ::1
GET /api/job/ ::1
GET /api/job/ ::1
GET /api/job/ ::1
GET /api/job/ ::1
GET /api/job/ ::1
GET /api/job/ ::1
GET /api/job/ ::1
GET /api/job/ ::1
GET /api/job/ ::1
GET /api/job/ ::1
GET /api/job/ ::1
GET /api/job/ ::1
GET /api/job/ ::1
GET /api/job/ ::1
GET /api/job/ ::1
GET /api/job/ ::1
GET /api/job/ ::1
GET /api/job/ ::1
GET /api/job/ ::1
GET /api/job/ ::1
GET /api/job/ ::1
GET /api/job/ ::1
GET /api/job/ ::1
GET /api/job/67c8720f264baef4d60c3482 ::1
GET /api/job/67c8720f264baef4d60c3482 ::1
GET /api/job/ ::1
GET /api/job/ ::1
GET /api/job/67c8720f264baef4d60c3482 ::1
GET /api/job/67c8720f264baef4d60c3482 ::1
GET /api/job/67c8720f264baef4d60c3482 ::1
GET /api/job/67c8720f264baef4d60c3482 ::1
GET /api/job/67c8720f264baef4d60c3482 ::1
GET /api/job/67c8720f264baef4d60c3482 ::1
GET /api/job/67c8720f264baef4d60c3482 ::1
GET /api/job/67c8720f264baef4d60c3482 ::1
GET /api/job/67c8720f264baef4d60c3482 ::1
GET /api/job/67c8720f264baef4d60c3482 ::1
GET /api/job/67c8720f264baef4d60c3482 ::1
GET /api/job/67c8720f264baef4d60c3482 ::1
GET /api/job/67c8720f264baef4d60c3482 ::1
GET /api/job/67c8720f264baef4d60c3482 ::1
GET /api/job/67c8720f264baef4d60c3482 ::1
GET /api/job/67c8720f264baef4d60c3482 ::1
GET /api/job/67c8720f264baef4d60c3482 ::1
GET /api/job/67c8720f264baef4d60c3482 ::1
GET /api/job/67c8720f264baef4d60c3482 ::1
GET /api/job/67c8720f264baef4d60c3482 ::1
GET /api/job/67c8720f264baef4d60c3482 ::1
GET /api/job/67c8720f264baef4d60c3482 ::1
GET /api/job/67c8720f264baef4d60c3482 ::1
GET /api/job/67c8720f264baef4d60c3482 ::1
GET /api/job/67c8720f264baef4d60c3482 ::1
GET /api/job/67c8720f264baef4d60c3482 ::1
GET /api/job/67c8720f264baef4d60c3482 ::1
GET /api/job/67c8720f264baef4d60c3482 ::1
GET /api/job/67c8720f264baef4d60c3482 ::1
GET /api/job/67c8720f264baef4d60c3482 ::1
GET /api/job/67c8720f264baef4d60c3482 ::1
GET /api/job/67c8720f264baef4d60c3482 ::1
GET /api/job/67c8720f264baef4d60c3482 ::1
GET /api/job/67c8720f264baef4d60c3482 ::1
GET /api/job/67c8720f264baef4d60c3482 ::1
GET /api/job/67c8720f264baef4d60c3482 ::1
GET /api/job/67c8720f264baef4d60c3482 ::1
GET /api/job/67c8720f264baef4d60c3482 ::1
GET /api/job/67c8720f264baef4d60c3482 ::1
GET /api/job/67c8720f264baef4d60c3482 ::1
GET /api/job/67c8720f264baef4d60c3482 ::1
GET /api/job/67c8720f264baef4d60c3482 ::1
GET /api/job/67c8720f264baef4d60c3482 ::1
GET /api/job/67c8720f264baef4d60c3482 ::1
GET /api/job/67c8720f264baef4d60c3482 ::1
GET /api/job/67c8720f264baef4d60c3482 ::1
GET /api/job/67c8720f264baef4d60c3482 ::1
GET /api/job/67c8720f264baef4d60c3482 ::1
GET /api/job/67c8720f264baef4d60c3482 ::1
GET /api/job/67c8720f264baef4d60c3482 ::1
GET /api/job/67c8720f264baef4d60c3482 ::1
GET /api/job/ ::1
GET /api/job/ ::1
GET /api/job/67c945ef4bc1d745cd8145da ::1
GET /api/job/67c945ef4bc1d745cd8145da ::1
GET /api/job/ ::1
GET /api/job/ ::1
GET /api/job/67c9481ef01d49e2493f0893 ::1
GET /api/job/67c9481ef01d49e2493f0893 ::1
GET /api/job/ ::1
GET /api/job/ ::1
GET /api/job/ ::1
GET /api/job/ ::1
GET /api/job/ ::1
GET /api/job/ ::1
GET /api/job/ ::1
GET /api/job/ ::1
GET /api/job/ ::1
GET /api/job/ ::1
GET /api/job/ ::1
GET /api/job/ ::1
GET /api/job/ ::1
GET /api/job/ ::1
GET /api/job/ ::1
GET /api/job/ ::1
GET /api/job/ ::1
GET /api/job/ ::1
GET /api/job/ ::1
GET /api/job/ ::1
GET /api/job/ ::1
GET /api/job/ ::1
GET /api/job/ ::1
GET /api/job/ ::1
GET /api/job/ ::1
GET /api/job/ ::1
GET /api/job/ ::1
GET /api/job/ ::1
GET /api/job/ ::1
GET /api/job/ ::1
GET /api/job?name=Software%20Development%20Engineer%20(Full%20Stack)&skills= ::1
GET /api/job/ ::1
GET /api/job/ ::1
GET /api/job?name=google&skills= ::1
GET /api/job?name=&skills=MongoDB ::1
GET /api/job?name=&skills=Node.js,MongoDB ::1
GET /api/job?name=&skills=Node.js,MongoDB ::1
GET /api/job/ ::1
GET /api/job/ ::1
GET /api/job?name=&skills=Node.js ::1
GET /api/job/ ::1
GET /api/job/ ::1
GET /api/job?name=&skills=JavaScript,MongoDB ::1
GET /api/job/ ::1
GET /api/job/ ::1
GET /api/job?name=&skills=react ::1
GET /api/job?name=&skills=Node.js ::1
GET /api/job/ ::1
GET /api/job/ ::1
GET /api/job?name=Software%20Engineer&skills= ::1
GET /api/job/ ::1
GET /api/job/ ::1
GET /api/job/ ::1
GET /api/job/ ::1
GET /api/job/ ::1
GET /api/job/ ::1
GET /api/job/ ::1
GET /api/job/ ::1
GET /api/job/ ::1
GET /api/job/ ::1
GET /api/job/ ::1
GET /api/job/ ::1
GET /api/job/ ::1
GET /api/job/ ::1
GET /api/job/ ::1
GET /api/job/ ::1
