[2025-03-05T00:19:21.545Z] TypeError: Cannot read properties of undefined (reading 'split')
    at authMiddleware (file:///C:/Users/ASUS/Desktop/Job-Finder-Website-main/backend/middlewares/authMiddleware.js:4:45)
    at Layer.handle [as handle_request] (C:\Users\ASUS\Desktop\Job-Finder-Website-main\backend\node_modules\express\lib\router\layer.js:95:5)
    at next (C:\Users\ASUS\Desktop\Job-Finder-Website-main\backend\node_modules\express\lib\router\route.js:149:13)
    at Route.dispatch (C:\Users\ASUS\Desktop\Job-Finder-Website-main\backend\node_modules\express\lib\router\route.js:119:3)
    at Layer.handle [as handle_request] (C:\Users\ASUS\Desktop\Job-Finder-Website-main\backend\node_modules\express\lib\router\layer.js:95:5)
    at C:\Users\ASUS\Desktop\Job-Finder-Website-main\backend\node_modules\express\lib\router\index.js:284:15
    at Function.process_params (C:\Users\ASUS\Desktop\Job-Finder-Website-main\backend\node_modules\express\lib\router\index.js:346:12)
    at next (C:\Users\ASUS\Desktop\Job-Finder-Website-main\backend\node_modules\express\lib\router\index.js:280:10)
    at Function.handle (C:\Users\ASUS\Desktop\Job-Finder-Website-main\backend\node_modules\express\lib\router\index.js:175:3)
    at router (C:\Users\ASUS\Desktop\Job-Finder-Website-main\backend\node_modules\express\lib\router\index.js:47:12)
[2025-03-05T00:23:04.806Z] Error: secretOrPrivateKey must have a value
    at module.exports [as sign] (C:\Users\ASUS\Desktop\Job-Finder-Website-main\backend\node_modules\jsonwebtoken\sign.js:111:20)
    at file:///C:/Users/ASUS/Desktop/Job-Finder-Website-main/backend/rotutes/user.js:59:31
    at process.processTicksAndRejections (node:internal/process/task_queues:105:5)
[2025-03-05T07:17:47.346Z] SyntaxError: Expected double-quoted property name in JSON at position 350 (line 11 column 1)
    at JSON.parse (<anonymous>)
    at parse (C:\Users\ASUS\Desktop\Job-Finder-Website-main\backend\node_modules\body-parser\lib\types\json.js:92:19)
    at C:\Users\ASUS\Desktop\Job-Finder-Website-main\backend\node_modules\body-parser\lib\read.js:128:18
    at AsyncResource.runInAsyncScope (node:async_hooks:211:14)
    at invokeCallback (C:\Users\ASUS\Desktop\Job-Finder-Website-main\backend\node_modules\raw-body\index.js:238:16)
    at done (C:\Users\ASUS\Desktop\Job-Finder-Website-main\backend\node_modules\raw-body\index.js:227:7)
    at IncomingMessage.onEnd (C:\Users\ASUS\Desktop\Job-Finder-Website-main\backend\node_modules\raw-body\index.js:287:7)
    at IncomingMessage.emit (node:events:518:28)
    at endReadableNT (node:internal/streams/readable:1698:12)
    at process.processTicksAndRejections (node:internal/process/task_queues:90:21)
[2025-03-05T07:58:49.952Z] TypeError: jobModel.remote is not a function
    at file:///C:/Users/ASUS/Desktop/Job-Finder-Website-main/backend/rotutes/jobs.js:57:28
    at Layer.handle [as handle_request] (C:\Users\ASUS\Desktop\Job-Finder-Website-main\backend\node_modules\express\lib\router\layer.js:95:5)
    at next (C:\Users\ASUS\Desktop\Job-Finder-Website-main\backend\node_modules\express\lib\router\route.js:149:13)
    at Layer.handle [as handle_request] (C:\Users\ASUS\Desktop\Job-Finder-Website-main\backend\node_modules\express\lib\router\layer.js:91:12)
    at next (C:\Users\ASUS\Desktop\Job-Finder-Website-main\backend\node_modules\express\lib\router\route.js:149:13)
    at authMiddleware (file:///C:/Users/ASUS/Desktop/Job-Finder-Website-main/backend/middlewares/authMiddleware.js:18:9)
    at Layer.handle [as handle_request] (C:\Users\ASUS\Desktop\Job-Finder-Website-main\backend\node_modules\express\lib\router\layer.js:95:5)
    at next (C:\Users\ASUS\Desktop\Job-Finder-Website-main\backend\node_modules\express\lib\router\route.js:149:13)
    at Route.dispatch (C:\Users\ASUS\Desktop\Job-Finder-Website-main\backend\node_modules\express\lib\router\route.js:119:3)
    at Layer.handle [as handle_request] (C:\Users\ASUS\Desktop\Job-Finder-Website-main\backend\node_modules\express\lib\router\layer.js:95:5)
[2025-03-05T07:59:14.490Z] TypeError: jobModel.remove is not a function
    at file:///C:/Users/ASUS/Desktop/Job-Finder-Website-main/backend/rotutes/jobs.js:57:28
    at Layer.handle [as handle_request] (C:\Users\ASUS\Desktop\Job-Finder-Website-main\backend\node_modules\express\lib\router\layer.js:95:5)
    at next (C:\Users\ASUS\Desktop\Job-Finder-Website-main\backend\node_modules\express\lib\router\route.js:149:13)
    at Layer.handle [as handle_request] (C:\Users\ASUS\Desktop\Job-Finder-Website-main\backend\node_modules\express\lib\router\layer.js:91:12)
    at next (C:\Users\ASUS\Desktop\Job-Finder-Website-main\backend\node_modules\express\lib\router\route.js:149:13)
    at authMiddleware (file:///C:/Users/ASUS/Desktop/Job-Finder-Website-main/backend/middlewares/authMiddleware.js:18:9)
    at Layer.handle [as handle_request] (C:\Users\ASUS\Desktop\Job-Finder-Website-main\backend\node_modules\express\lib\router\layer.js:95:5)
    at next (C:\Users\ASUS\Desktop\Job-Finder-Website-main\backend\node_modules\express\lib\router\route.js:149:13)
    at Route.dispatch (C:\Users\ASUS\Desktop\Job-Finder-Website-main\backend\node_modules\express\lib\router\route.js:119:3)
    at Layer.handle [as handle_request] (C:\Users\ASUS\Desktop\Job-Finder-Website-main\backend\node_modules\express\lib\router\layer.js:95:5)
[2025-03-05T07:59:51.799Z] CastError: Cast to ObjectId failed for value "{ id: '67c8011c3765f90aeb9d582b' }" (type Object) at path "_id" for model "jobmodel"
    at SchemaObjectId.cast (C:\Users\ASUS\Desktop\Job-Finder-Website-main\backend\node_modules\mongoose\lib\schema\objectId.js:251:11)
    at SchemaType.applySetters (C:\Users\ASUS\Desktop\Job-Finder-Website-main\backend\node_modules\mongoose\lib\schemaType.js:1255:12)
    at SchemaType.castForQuery (C:\Users\ASUS\Desktop\Job-Finder-Website-main\backend\node_modules\mongoose\lib\schemaType.js:1673:17)
    at cast (C:\Users\ASUS\Desktop\Job-Finder-Website-main\backend\node_modules\mongoose\lib\cast.js:319:34)
    at Query.cast (C:\Users\ASUS\Desktop\Job-Finder-Website-main\backend\node_modules\mongoose\lib\query.js:4907:12)
    at Query._castConditions (C:\Users\ASUS\Desktop\Job-Finder-Website-main\backend\node_modules\mongoose\lib\query.js:2325:10)
    at model.Query._findOneAndDelete (C:\Users\ASUS\Desktop\Job-Finder-Website-main\backend\node_modules\mongoose\lib\query.js:3555:8)
    at model.Query.exec (C:\Users\ASUS\Desktop\Job-Finder-Website-main\backend\node_modules\mongoose\lib\query.js:4456:80)
    at process.processTicksAndRejections (node:internal/process/task_queues:105:5)
    at async file:///C:/Users/ASUS/Desktop/Job-Finder-Website-main/backend/rotutes/jobs.js:57:13
[2025-03-05T08:04:10.396Z] TypeError: Cannot read properties of undefined (reading 'userId')
    at file:///C:/Users/ASUS/Desktop/Job-Finder-Website-main/backend/rotutes/jobs.js:53:21
    at Layer.handle [as handle_request] (C:\Users\ASUS\Desktop\Job-Finder-Website-main\backend\node_modules\express\lib\router\layer.js:95:5)
    at next (C:\Users\ASUS\Desktop\Job-Finder-Website-main\backend\node_modules\express\lib\router\route.js:149:13)
    at Layer.handle [as handle_request] (C:\Users\ASUS\Desktop\Job-Finder-Website-main\backend\node_modules\express\lib\router\layer.js:91:12)
    at next (C:\Users\ASUS\Desktop\Job-Finder-Website-main\backend\node_modules\express\lib\router\route.js:149:13)
    at authMiddleware (file:///C:/Users/ASUS/Desktop/Job-Finder-Website-main/backend/middlewares/authMiddleware.js:18:9)
    at Layer.handle [as handle_request] (C:\Users\ASUS\Desktop\Job-Finder-Website-main\backend\node_modules\express\lib\router\layer.js:95:5)
    at next (C:\Users\ASUS\Desktop\Job-Finder-Website-main\backend\node_modules\express\lib\router\route.js:149:13)
    at Route.dispatch (C:\Users\ASUS\Desktop\Job-Finder-Website-main\backend\node_modules\express\lib\router\route.js:119:3)
    at Layer.handle [as handle_request] (C:\Users\ASUS\Desktop\Job-Finder-Website-main\backend\node_modules\express\lib\router\layer.js:95:5)
[2025-03-05T08:04:44.201Z] TypeError: Cannot read properties of undefined (reading 'userId')
    at file:///C:/Users/ASUS/Desktop/Job-Finder-Website-main/backend/rotutes/jobs.js:55:21
    at Layer.handle [as handle_request] (C:\Users\ASUS\Desktop\Job-Finder-Website-main\backend\node_modules\express\lib\router\layer.js:95:5)
    at next (C:\Users\ASUS\Desktop\Job-Finder-Website-main\backend\node_modules\express\lib\router\route.js:149:13)
    at Layer.handle [as handle_request] (C:\Users\ASUS\Desktop\Job-Finder-Website-main\backend\node_modules\express\lib\router\layer.js:91:12)
    at next (C:\Users\ASUS\Desktop\Job-Finder-Website-main\backend\node_modules\express\lib\router\route.js:149:13)
    at authMiddleware (file:///C:/Users/ASUS/Desktop/Job-Finder-Website-main/backend/middlewares/authMiddleware.js:18:9)
    at Layer.handle [as handle_request] (C:\Users\ASUS\Desktop\Job-Finder-Website-main\backend\node_modules\express\lib\router\layer.js:95:5)
    at next (C:\Users\ASUS\Desktop\Job-Finder-Website-main\backend\node_modules\express\lib\router\route.js:149:13)
    at Route.dispatch (C:\Users\ASUS\Desktop\Job-Finder-Website-main\backend\node_modules\express\lib\router\route.js:119:3)
    at Layer.handle [as handle_request] (C:\Users\ASUS\Desktop\Job-Finder-Website-main\backend\node_modules\express\lib\router\layer.js:95:5)
[2025-03-05T08:04:57.765Z] TypeError: Cannot read properties of undefined (reading 'userId')
    at file:///C:/Users/ASUS/Desktop/Job-Finder-Website-main/backend/rotutes/jobs.js:55:21
    at Layer.handle [as handle_request] (C:\Users\ASUS\Desktop\Job-Finder-Website-main\backend\node_modules\express\lib\router\layer.js:95:5)
    at next (C:\Users\ASUS\Desktop\Job-Finder-Website-main\backend\node_modules\express\lib\router\route.js:149:13)
    at Layer.handle [as handle_request] (C:\Users\ASUS\Desktop\Job-Finder-Website-main\backend\node_modules\express\lib\router\layer.js:91:12)
    at next (C:\Users\ASUS\Desktop\Job-Finder-Website-main\backend\node_modules\express\lib\router\route.js:149:13)
    at authMiddleware (file:///C:/Users/ASUS/Desktop/Job-Finder-Website-main/backend/middlewares/authMiddleware.js:18:9)
    at Layer.handle [as handle_request] (C:\Users\ASUS\Desktop\Job-Finder-Website-main\backend\node_modules\express\lib\router\layer.js:95:5)
    at next (C:\Users\ASUS\Desktop\Job-Finder-Website-main\backend\node_modules\express\lib\router\route.js:149:13)
    at Route.dispatch (C:\Users\ASUS\Desktop\Job-Finder-Website-main\backend\node_modules\express\lib\router\route.js:119:3)
    at Layer.handle [as handle_request] (C:\Users\ASUS\Desktop\Job-Finder-Website-main\backend\node_modules\express\lib\router\layer.js:95:5)
[2025-03-05T08:05:10.558Z] TypeError: Cannot read properties of undefined (reading 'userId')
    at file:///C:/Users/ASUS/Desktop/Job-Finder-Website-main/backend/rotutes/jobs.js:55:21
    at Layer.handle [as handle_request] (C:\Users\ASUS\Desktop\Job-Finder-Website-main\backend\node_modules\express\lib\router\layer.js:95:5)
    at next (C:\Users\ASUS\Desktop\Job-Finder-Website-main\backend\node_modules\express\lib\router\route.js:149:13)
    at Layer.handle [as handle_request] (C:\Users\ASUS\Desktop\Job-Finder-Website-main\backend\node_modules\express\lib\router\layer.js:91:12)
    at next (C:\Users\ASUS\Desktop\Job-Finder-Website-main\backend\node_modules\express\lib\router\route.js:149:13)
    at authMiddleware (file:///C:/Users/ASUS/Desktop/Job-Finder-Website-main/backend/middlewares/authMiddleware.js:18:9)
    at Layer.handle [as handle_request] (C:\Users\ASUS\Desktop\Job-Finder-Website-main\backend\node_modules\express\lib\router\layer.js:95:5)
    at next (C:\Users\ASUS\Desktop\Job-Finder-Website-main\backend\node_modules\express\lib\router\route.js:149:13)
    at Route.dispatch (C:\Users\ASUS\Desktop\Job-Finder-Website-main\backend\node_modules\express\lib\router\route.js:119:3)
    at Layer.handle [as handle_request] (C:\Users\ASUS\Desktop\Job-Finder-Website-main\backend\node_modules\express\lib\router\layer.js:95:5)
[2025-03-05T08:10:57.759Z] TypeError: Cannot read properties of undefined (reading 'toString')
    at file:///C:/Users/ASUS/Desktop/Job-Finder-Website-main/backend/rotutes/jobs.js:56:43
    at Layer.handle [as handle_request] (C:\Users\ASUS\Desktop\Job-Finder-Website-main\backend\node_modules\express\lib\router\layer.js:95:5)
    at next (C:\Users\ASUS\Desktop\Job-Finder-Website-main\backend\node_modules\express\lib\router\route.js:149:13)
    at Layer.handle [as handle_request] (C:\Users\ASUS\Desktop\Job-Finder-Website-main\backend\node_modules\express\lib\router\layer.js:91:12)
    at next (C:\Users\ASUS\Desktop\Job-Finder-Website-main\backend\node_modules\express\lib\router\route.js:149:13)
    at authMiddleware (file:///C:/Users/ASUS/Desktop/Job-Finder-Website-main/backend/middlewares/authMiddleware.js:18:9)
    at Layer.handle [as handle_request] (C:\Users\ASUS\Desktop\Job-Finder-Website-main\backend\node_modules\express\lib\router\layer.js:95:5)
    at next (C:\Users\ASUS\Desktop\Job-Finder-Website-main\backend\node_modules\express\lib\router\route.js:149:13)
    at Route.dispatch (C:\Users\ASUS\Desktop\Job-Finder-Website-main\backend\node_modules\express\lib\router\route.js:119:3)
    at Layer.handle [as handle_request] (C:\Users\ASUS\Desktop\Job-Finder-Website-main\backend\node_modules\express\lib\router\layer.js:95:5)
[2025-03-05T08:20:55.250Z] SyntaxError: Expected ',' or '}' after property value in JSON at position 306 (line 8 column 3)
    at JSON.parse (<anonymous>)
    at parse (C:\Users\ASUS\Desktop\Job-Finder-Website-main\backend\node_modules\body-parser\lib\types\json.js:92:19)
    at C:\Users\ASUS\Desktop\Job-Finder-Website-main\backend\node_modules\body-parser\lib\read.js:128:18
    at AsyncResource.runInAsyncScope (node:async_hooks:211:14)
    at invokeCallback (C:\Users\ASUS\Desktop\Job-Finder-Website-main\backend\node_modules\raw-body\index.js:238:16)
    at done (C:\Users\ASUS\Desktop\Job-Finder-Website-main\backend\node_modules\raw-body\index.js:227:7)
    at IncomingMessage.onEnd (C:\Users\ASUS\Desktop\Job-Finder-Website-main\backend\node_modules\raw-body\index.js:287:7)
    at IncomingMessage.emit (node:events:518:28)
    at endReadableNT (node:internal/streams/readable:1698:12)
    at process.processTicksAndRejections (node:internal/process/task_queues:90:21)
[2025-03-05T08:21:20.591Z] SyntaxError: Expected ',' or '}' after property value in JSON at position 306 (line 8 column 3)
    at JSON.parse (<anonymous>)
    at parse (C:\Users\ASUS\Desktop\Job-Finder-Website-main\backend\node_modules\body-parser\lib\types\json.js:92:19)
    at C:\Users\ASUS\Desktop\Job-Finder-Website-main\backend\node_modules\body-parser\lib\read.js:128:18
    at AsyncResource.runInAsyncScope (node:async_hooks:211:14)
    at invokeCallback (C:\Users\ASUS\Desktop\Job-Finder-Website-main\backend\node_modules\raw-body\index.js:238:16)
    at done (C:\Users\ASUS\Desktop\Job-Finder-Website-main\backend\node_modules\raw-body\index.js:227:7)
    at IncomingMessage.onEnd (C:\Users\ASUS\Desktop\Job-Finder-Website-main\backend\node_modules\raw-body\index.js:287:7)
    at IncomingMessage.emit (node:events:518:28)
    at endReadableNT (node:internal/streams/readable:1698:12)
    at process.processTicksAndRejections (node:internal/process/task_queues:90:21)
[2025-03-05T11:48:48.500Z] TypeError: Cannot read properties of undefined (reading 'toString')
    at file:///C:/Users/ASUS/Desktop/Job-Finder-Website-main/backend/rotutes/jobs.js:75:49
    at Layer.handle [as handle_request] (C:\Users\ASUS\Desktop\Job-Finder-Website-main\backend\node_modules\express\lib\router\layer.js:95:5)
    at next (C:\Users\ASUS\Desktop\Job-Finder-Website-main\backend\node_modules\express\lib\router\route.js:149:13)
    at Layer.handle [as handle_request] (C:\Users\ASUS\Desktop\Job-Finder-Website-main\backend\node_modules\express\lib\router\layer.js:91:12)
    at next (C:\Users\ASUS\Desktop\Job-Finder-Website-main\backend\node_modules\express\lib\router\route.js:149:13)
    at authMiddleware (file:///C:/Users/ASUS/Desktop/Job-Finder-Website-main/backend/middlewares/authMiddleware.js:18:9)
    at Layer.handle [as handle_request] (C:\Users\ASUS\Desktop\Job-Finder-Website-main\backend\node_modules\express\lib\router\layer.js:95:5)
    at next (C:\Users\ASUS\Desktop\Job-Finder-Website-main\backend\node_modules\express\lib\router\route.js:149:13)
    at Route.dispatch (C:\Users\ASUS\Desktop\Job-Finder-Website-main\backend\node_modules\express\lib\router\route.js:119:3)
    at Layer.handle [as handle_request] (C:\Users\ASUS\Desktop\Job-Finder-Website-main\backend\node_modules\express\lib\router\layer.js:95:5)
[2025-03-05T11:49:44.404Z] TypeError: req.status is not a function
    at file:///C:/Users/ASUS/Desktop/Job-Finder-Website-main/backend/rotutes/jobs.js:80:17
    at process.processTicksAndRejections (node:internal/process/task_queues:105:5)
[2025-03-05T12:23:53.760Z] Error: Can't use $option with String.
    at SchemaString.castForQuery (C:\Users\ASUS\Desktop\Job-Finder-Website-main\backend\node_modules\mongoose\lib\schema\string.js:683:13)
    at cast (C:\Users\ASUS\Desktop\Job-Finder-Website-main\backend\node_modules\mongoose\lib\cast.js:367:39)
    at cast (C:\Users\ASUS\Desktop\Job-Finder-Website-main\backend\node_modules\mongoose\lib\cast.js:76:20)
    at Query.cast (C:\Users\ASUS\Desktop\Job-Finder-Website-main\backend\node_modules\mongoose\lib\query.js:4907:12)
    at Query._castConditions (C:\Users\ASUS\Desktop\Job-Finder-Website-main\backend\node_modules\mongoose\lib\query.js:2325:10)
    at model.Query._find (C:\Users\ASUS\Desktop\Job-Finder-Website-main\backend\node_modules\mongoose\lib\query.js:2352:8)
    at model.Query.exec (C:\Users\ASUS\Desktop\Job-Finder-Website-main\backend\node_modules\mongoose\lib\query.js:4456:80)
    at process.processTicksAndRejections (node:internal/process/task_queues:105:5)
    at async file:///C:/Users/ASUS/Desktop/Job-Finder-Website-main/backend/rotutes/jobs.js:15:27
[2025-03-05T12:24:23.391Z] MongoServerError: $regex has to be a string
    at Connection.sendCommand (C:\Users\ASUS\Desktop\Job-Finder-Website-main\backend\node_modules\mongodb\lib\cmap\connection.js:299:27)
    at process.processTicksAndRejections (node:internal/process/task_queues:105:5)
    at async Connection.command (C:\Users\ASUS\Desktop\Job-Finder-Website-main\backend\node_modules\mongodb\lib\cmap\connection.js:327:26)
    at async Server.command (C:\Users\ASUS\Desktop\Job-Finder-Website-main\backend\node_modules\mongodb\lib\sdam\server.js:168:29)
    at async FindOperation.execute (C:\Users\ASUS\Desktop\Job-Finder-Website-main\backend\node_modules\mongodb\lib\operations\find.js:36:16)
    at async tryOperation (C:\Users\ASUS\Desktop\Job-Finder-Website-main\backend\node_modules\mongodb\lib\operations\execute_operation.js:207:20)
    at async executeOperation (C:\Users\ASUS\Desktop\Job-Finder-Website-main\backend\node_modules\mongodb\lib\operations\execute_operation.js:75:16)
    at async FindCursor._initialize (C:\Users\ASUS\Desktop\Job-Finder-Website-main\backend\node_modules\mongodb\lib\cursor\find_cursor.js:61:26)
    at async FindCursor.cursorInit (C:\Users\ASUS\Desktop\Job-Finder-Website-main\backend\node_modules\mongodb\lib\cursor\abstract_cursor.js:633:27)
    at async FindCursor.fetchBatch (C:\Users\ASUS\Desktop\Job-Finder-Website-main\backend\node_modules\mongodb\lib\cursor\abstract_cursor.js:667:13)
[2025-03-05T15:47:02.051Z] SyntaxError: Expected double-quoted property name in JSON at position 638 (line 14 column 1)
    at JSON.parse (<anonymous>)
    at parse (C:\Users\ASUS\Desktop\Job-Finder-Website-main\backend\node_modules\body-parser\lib\types\json.js:92:19)
    at C:\Users\ASUS\Desktop\Job-Finder-Website-main\backend\node_modules\body-parser\lib\read.js:128:18
    at AsyncResource.runInAsyncScope (node:async_hooks:211:14)
    at invokeCallback (C:\Users\ASUS\Desktop\Job-Finder-Website-main\backend\node_modules\raw-body\index.js:238:16)
    at done (C:\Users\ASUS\Desktop\Job-Finder-Website-main\backend\node_modules\raw-body\index.js:227:7)
    at IncomingMessage.onEnd (C:\Users\ASUS\Desktop\Job-Finder-Website-main\backend\node_modules\raw-body\index.js:287:7)
    at IncomingMessage.emit (node:events:518:28)
    at endReadableNT (node:internal/streams/readable:1698:12)
    at process.processTicksAndRejections (node:internal/process/task_queues:90:21)
