POST /api/user/login ::1
GET /api/job/ ::1
GET /api/job/ ::1
GET /api/job/67d02405395d01cb7f28a3a2 ::1
GET /api/job/67d02405395d01cb7f28a3a2 ::1
DELETE /api/job/67d02405395d01cb7f28a3a2 ::1
GET /api/job/ ::1
GET /api/job/ ::1
GET /api/job/67d02664395d01cb7f28a3a8 ::1
GET /api/job/67d02664395d01cb7f28a3a8 ::1
DELETE /api/job/67d02664395d01cb7f28a3a8 ::1
POST /api/job/addjob ::1
GET /api/job/67d02664395d01cb7f28a3a8 ::1
GET /api/job/ ::1
GET /api/job/ ::1
GET /api/job/ ::1
GET /api/job/ ::1
GET /api/job/67d1298d2717256a01f06e83 ::1
GET /api/job/67d1298d2717256a01f06e83 ::1
DELETE /api/job/67d1298d2717256a01f06e83 ::1
GET /api/job/ ::1
GET /api/job/ ::1
GET /api/job/ ::1
GET /api/job/ ::1
GET /api/job/67d1298d2717256a01f06e83 ::1
GET /api/job/67d1298d2717256a01f06e83 ::1
DELETE /api/job/67d1298d2717256a01f06e83 ::1
GET /api/job/67d1298d2717256a01f06e83 ::1
GET /api/job/67d1298d2717256a01f06e83 ::1
GET /api/job/67d1298d2717256a01f06e83 ::1
GET /api/job/67d1298d2717256a01f06e83 ::1
POST /api/user/login ::1
GET /api/job/ ::1
GET /api/job/ ::1
GET /api/job/67d1298d2717256a01f06e83 ::1
GET /api/job/67d1298d2717256a01f06e83 ::1
GET /api/job/67d1298d2717256a01f06e83 ::1
GET /api/job/67d1298d2717256a01f06e83 ::1
GET /api/job/67d1298d2717256a01f06e83 ::1
GET /api/job/67d1298d2717256a01f06e83 ::1
GET /api/job/ ::1
GET /api/job/ ::1
GET /api/job/67d1298d2717256a01f06e83 ::1
GET /api/job/67d1298d2717256a01f06e83 ::1
DELETE /api/job/67d1298d2717256a01f06e83 ::1
