POST /api/user/login ::1
POST /api/user/login ::1
POST /api/user/login ::1
POST /api/user/login ::1
POST /api/user/login ::1
POST /api/user/register ::1
POST /api/user/login ::1
GET /api/job/ ::1
GET /api/job/ ::1
POST /api/job/addjob ::1
GET /api/job/ ::1
GET /api/job/ ::1
GET /api/job/67d2a5d4cb2b11996e8fab30 ::1
GET /api/job/67d2a5d4cb2b11996e8fab30 ::1
DELETE /api/job/67d2a5d4cb2b11996e8fab30 ::1
DELETE /api/job/67d2a5d4cb2b11996e8fab30 ::1
DELETE /api/job/67d2a5d4cb2b11996e8fab30 ::1
DELETE /api/job/67d2a5d4cb2b11996e8fab30 ::1
DELETE /api/job/67d2a5d4cb2b11996e8fab30 ::1
DELETE /api/job/67d2a5d4cb2b11996e8fab30 ::1
GET /api/job/ ::1
GET /api/job/ ::1
GET /api/job/ ::1
GET /api/job/ ::1
GET /api/job/ ::1
GET /api/job/ ::1
POST /api/user/login ::1
GET /api/job/ ::1
GET /api/job/ ::1
POST /api/job/addjob ::1
GET /api/job/ ::1
GET /api/job/ ::1
GET /api/job/ ::1
GET /api/job/ ::1
GET /api/job/ ::1
GET /api/job/ ::1
GET /api/job/ ::1
GET /api/job/ ::1
GET /api/job/ ::1
GET /api/job/ ::1
POST /api/job/addjob ::1
GET /api/job/ ::1
GET /api/job/ ::1
GET /api/job/ ::1
GET /api/job/ ::1
POST /api/user/login ::1
GET /api/job/ ::1
GET /api/job/ ::1
POST /api/job/addjob ::1
POST /api/job/addjob ::1
GET /api/job/ ::1
GET /api/job/ ::1
GET /api/job/67d2a878e4c753def01a6784 ::1
GET /api/job/67d2a878e4c753def01a6784 ::1
DELETE /api/job/67d2a878e4c753def01a6784 ::1
GET /api/job/ ::1
GET /api/job/ ::1
GET /api/job/ ::1
GET /api/job/ ::1
GET /api/job/ ::1
GET /api/job/ ::1
GET /api/job/ ::1
GET /api/job/ ::1
POST /api/user/login ::1
GET /api/job/ ::1
GET /api/job/ ::1
GET /api/job/67d2a88ee4c753def01a6786 ::1
GET /api/job/67d2a88ee4c753def01a6786 ::1
DELETE /api/job/67d2a88ee4c753def01a6786 ::1
GET /api/job/ ::1
GET /api/job/ ::1
GET /api/job/ ::1
GET /api/job/ ::1
POST /api/user/login ::1
GET /api/job/ ::1
GET /api/job/ ::1
POST /api/job/addjob ::1
GET /api/job/ ::1
GET /api/job/ ::1
GET /api/job/ ::1
GET /api/job/ ::1
GET /api/job/ ::1
GET /api/job/ ::1
POST /api/user/login ::1
GET /api/job/ ::1
GET /api/job/ ::1
POST /api/job/addjob ::1
POST /api/job/addjob ::1
POST /api/job/addjob ::1
GET /api/job/ ::1
GET /api/job/ ::1
GET /api/job/ ::1
GET /api/job/ ::1
POST /api/user/login ::1
GET /api/job/ ::1
GET /api/job/ ::1
POST /api/job/addjob ::1
GET /api/job/ ::1
GET /api/job/ ::1
GET /api/job/ ::1
GET /api/job/ ::1
GET /api/job/ ::1
GET /api/job/ ::1
POST /api/user/login ::1
GET /api/job/ ::1
GET /api/job/ ::1
GET /api/job/ ::1
GET /api/job/ ::1
