GET /api/job/ ::1
GET /api/job/ ::1
GET /api/job/ ::1
GET /api/job?skills=react ::1
GET /api/job?skills=%22react ::1
GET /api/job?skills=%22react%22 ::1
GET /api/job?skills=java ::1
GET /api/job?skills=react.js ::1
GET /api/job/ ::1
GET /api/job/ ::1
GET /api/job/ ::1
GET /api/job/ ::1
GET /api/job/ ::1
GET /api/job/?skills=react.js ::1
GET /api/job/?skills=react.js&skills=java ::1
GET /api/job/?skills=react.js,java ::1
GET /api/job/ ::1
GET /api/job/ ::1
GET /api/job/ ::1
GET /api/job/ ::1
GET /api/job/ ::1
GET /api/job/ ::1
GET /api/job/ ::1
GET /api/job/ ::1
GET /api/job/ ::1
GET /api/job/ ::1
GET /api/job/ ::1
GET /api/job/ ::1
GET /api/job/ ::1
GET /api/job/ ::1
GET /api/job/ ::1
GET /api/job/ ::1
GET /api/job/ ::1
GET /api/job/ ::1
GET /api/job/ ::1
GET /api/job/ ::1
GET /api/job/ ::1
GET /api/job/ ::1
GET /api/job/ ::1
GET /api/job/ ::1
