POST /api/user/Registration ::1
POST /api/user/Registration ::1
POST /api/user//register ::1
POST /api/user/register ::1
POST /api/user/register ::1
POST /api/user//register ::1
POST /api/user/register ::1
POST /api/user/register ::1
POST /api/user/register ::1
POST /api/user/register ::1
POST /api/user/register ::1
POST /api/user/register ::1
POST /api/user/register ::1
GET /api/user/register ::1
POST /api/user/register ::1
POST /api/user/register ::1
POST /api/user/login ::1
POST /api/user/login ::1
POST /api/user/login ::1
POST /api/user/login ::1
POST /api/user/login ::1
POST /api/user/login ::1
POST /api/user/login ::1
POST /api/user/login ::1
POST /api/user/login ::1
POST /api/user/login ::1
POST /api/user/login ::1
POST /api/user/login ::1
POST /api/user/login ::1
POST /api/user/login ::1
POST /api/user/login ::1
POST /api/user/login ::1
POST /api/user/login ::1
POST /api/user/login ::1
POST /api/user/login ::1
POST /api/user/login ::1
POST /api/user/login ::1
POST /api/user/login ::1
POST /api/user/login ::1
POST /api/user/login ::1
POST /api/user/login ::1
POST /api/user/login ::1
POST /api/user/login ::1
POST /api/user/login ::1
